<?xml version="1.0" encoding="utf-8"?><testsuites name="pytest tests"><testsuite name="pytest" errors="0" failures="1" skipped="0" tests="39" time="2.820" timestamp="2026-03-11T12:15:10.916254+05:00" hostname="shahrh"><testcase classname="tests.test_categorical" name="test_strip_whitespace" time="0.002" /><testcase classname="tests.test_categorical" name="test_to_lowercase" time="0.002" /><testcase classname="tests.test_categorical" name="test_to_titlecase" time="0.002" /><testcase classname="tests.test_categorical" name="test_map_categories" time="0.002" /><testcase classname="tests.test_categorical" name="test_group_rare_categories" time="0.003" /><testcase classname="tests.test_categorical" name="test_one_hot_encode" time="0.003" /><testcase classname="tests.test_column_ops" name="test_rename_column" time="0.001" /><testcase classname="tests.test_column_ops" name="test_drop_column" time="0.001" /><testcase classname="tests.test_column_ops" name="test_create_formula_column" time="0.002" /><testcase classname="tests.test_column_ops" name="test_equal_width_bins" time="0.003" /><testcase classname="tests.test_column_ops" name="test_quantile_bins" time="0.003" /><testcase classname="tests.test_dataset_manager" name="test_init_manager" time="0.001" /><testcase classname="tests.test_dataset_manager" name="test_dataset_exists_and_store_dataset" time="0.002" /><testcase classname="tests.test_dataset_manager" name="test_add_transformation" time="0.002" /><testcase classname="tests.test_dataset_manager" name="test_undo_transformation" time="0.002" /><testcase classname="tests.test_dataset_manager" name="test_reset_dataset" time="0.002" /><testcase classname="tests.test_dataset_manager" name="test_reset_session" time="0.001" /><testcase classname="tests.test_duplicates" name="test_detect_duplicates" time="0.002" /><testcase classname="tests.test_duplicates" name="test_detect_duplicates_subset" time="0.001" /><testcase classname="tests.test_duplicates" name="test_remove_duplicates" time="0.002" /><testcase classname="tests.test_duplicates" name="test_remove_duplicates_subset" time="0.002" /><testcase classname="tests.test_edge_cases" name="test_empty_dataset" time="0.002" /><testcase classname="tests.test_edge_cases" name="test_all_missing" time="0.002" /><testcase classname="tests.test_edge_cases" name="test_single_row" time="0.002" /><testcase classname="tests.test_missing_values" name="test_drop_missing_rows" time="0.002" /><testcase classname="tests.test_missing_values" name="test_drop_columns_by_threshold" time="0.002" /><testcase classname="tests.test_missing_values" name="test_fill_constant" time="0.002" /><testcase classname="tests.test_missing_values" name="test_fill_numeric" time="0.002" /><testcase classname="tests.test_missing_values" name="test_fill_mode" time="0.002" /><testcase classname="tests.test_missing_values" name="test_fill_forward" time="0.001" /><testcase classname="tests.test_missing_values" name="test_fill_backward" time="0.001" /><testcase classname="tests.test_numeric" name="test_detect_outliers_iqr" time="0.002" /><testcase classname="tests.test_numeric" name="test_remove_outliers" time="0.002" /><testcase classname="tests.test_numeric" name="test_cap_outliers" time="0.003" /><testcase classname="tests.test_numeric" name="test_minmax_scale" time="0.003" /><testcase classname="tests.test_numeric" name="test_zscore_scale" time="0.004"><failure message="assert np.False_&#10; +  where np.False_ = &lt;function isclose at 0x00000245C2B721F0&gt;(np.float64(1.0690449676496976), 1.0, atol=1e-07)&#10; +    where &lt;function isclose at 0x00000245C2B721F0&gt; = np.isclose&#10; +    and   np.float64(1.0690449676496976) = std()&#10; +      where std = 0   -1.527525\n1   -1.091089\n2   -0.654654\n3   -0.218218\n4    0.218218\n5    0.654654\n6    1.091089\n7    1.527525\nName: Scores, dtype: float64.std">numeric_df =    Values    Scores
0       1 -1.527525
1       2 -1.091089
2       3 -0.654654
3       4 -0.218218
4       5  0.218218
5       2  0.654654
6       1  1.091089
7     100  1.527525

    def test_zscore_scale(numeric_df):
        cleaned = zscore_scale(numeric_df, ["Scores"])
        assert np.isclose(cleaned["Scores"].mean(), 0.0, atol=1e-7)
&gt;       assert np.isclose(cleaned["Scores"].std(), 1.0, atol=1e-7)
E       assert np.False_
E        +  where np.False_ = &lt;function isclose at 0x00000245C2B721F0&gt;(np.float64(1.0690449676496976), 1.0, atol=1e-07)
E        +    where &lt;function isclose at 0x00000245C2B721F0&gt; = np.isclose
E        +    and   np.float64(1.0690449676496976) = std()
E        +      where std = 0   -1.527525\n1   -1.091089\n2   -0.654654\n3   -0.218218\n4    0.218218\n5    0.654654\n6    1.091089\n7    1.527525\nName: Scores, dtype: float64.std

tests\test_numeric.py:42: AssertionError</failure></testcase><testcase classname="tests.test_validation" name="test_range_check" time="0.001" /><testcase classname="tests.test_validation" name="test_allowed_categories" time="0.002" /><testcase classname="tests.test_validation" name="test_non_null_violation" time="0.002" /></testsuite></testsuites>